慢性腎臟病防治計畫參與院所查詢
如何申請就醫紀錄?
住院安寧療護內容說明
扣費義務人先行墊繳事後向保險對象追償之方式
郵寄申請健保卡遭退回處理方式
如未更換健保卡，舊證號之健保卡仍可使用?
我是申辦公司補充保費業務之人員，可查詢或修改其他辦理補充保費業務者所鍵錄或申報的資料嗎?
婦女乳房檢查服務對象及服務項目
投保單位繳納之補充保險費（投保單位支付薪資總額－受僱員工投保金額總額時)×補充保險費率），是否需要再申報扣費明細資料？
員工分紅配股無現金可扣取補充保險費之解決方法
欲自行上網網路註冊，電腦環境已檢測，還要安裝那些元件嗎？
於工農漁會重複加保之保費，如何申請退費？
門診減量配套措施說明
家庭醫師醫療群24小時諮詢專線立意說明
國外唸書是否可以視為學生？
健保快易通app如何查戶籍謄本內的成員是否欠費
春節領藥
門診病人進行視訊診療，需經過衛生局轉介嗎？
如何申請預開12月繳款單?
急診部分負擔申報代碼說明
有補助資格，健保費如何計算？
從未加保且戶籍從未被除籍過，要如何辦理加保？
保險人員無法以專技人員身分投保說明
如何變更健保卡網路服務註冊系統內所留存之E-mail或電話？
剛剛去超商繳費之前欠費的費用，卻連同這一期的費用也算進去
如何領用紙本振興三倍券？
子女原依附父親〈母親〉，現要轉到母親〈父親〉名下，如何辦理？
就醫識別碼?
兼職補充保費給付時間點
開設整合照護門診模式之同區域醫院作業說明
「醫材比價網」查詢步驟
使用者可否設定以『健保卡卡號』為健保卡註冊密碼嗎？
外籍僑生打工
義肢給付的申請流程為何？民眾可以自行送件嗎？
大陸配偶來臺參加全民健康保險相關規定
我想知道什麼身分適合投保二代健保
住院中病人是否可再到其他院所自費就醫或外出領處方箋嗎?
第六類重大傷病發紙卡持卡人效期註銷查詢方式
投保單位如何申請使用『多憑證網路承保作業』系統？
外國公司在台上市所發放之股利扣取補充保險費
保險費繳納方式?
外籍看護工申請新成立新投保單位時，應檢附哪些相關表件？
扣費義務人補充保費可以辦分期嗎?
非法人團體(如職福會、管委會、公司籌備處等)以個人名義申請開戶，該帳戶之利息所得是否一律扣繳補充保險費?
使用者設定『健保卡卡號』為健保卡註冊密碼，使用本署提供之各項網路服務功能或財政部提供各項稅務網路服務系統或報稅軟體，需登入系統變更嗎？
重大災害受災民眾目前還有健保欠費怎麼辦？
診所轉診就醫類別註記
投保單位補充保險費預繳說明
點心債所獲配之利息所得扣取補充保險費說明
轉診醫生安排說明
健保開放特殊材料自付差額項目說明
外勞逃跑了，如何辦理退保？
公務人員辦理育嬰留職停薪，單位負擔部份，由單位負擔，還是政府補助？
於鄉鎮市區公所投保時，應攜帶那些證件？退保時應如何辦理？
醫院收費問題
執業處所外執行健保醫療服務之事前報備
外國人要如何透過網頁申請健保卡註冊？
如何取消雙月繳款單合併開單
內部查調案件或教育訓練
為什麼掃描後連結至本署全球資訊網「全民健康保險健保費繳納專區」，輸入驗證碼一直出現驗證碼錯誤的訊息？
開設整合照護門診模式之個案登錄控管說明
申請健保卡註冊需要手續費嗎？
那些行動支付可以掃描繳款單的QR Code進行繳費？
看病次數少，健保費能不能有優惠？
公司行號給付股票股利時 投保資格錯誤如何修正
一直未收到健保卡網路註冊服務的確認信，該怎麼辦？
急診部分負擔說明
醫事人員溝通平台之審查討論區成立目的
106年後民眾還會收到健保署每年主動開立補充保險費繳款單嗎
醫院以病人為中心門診整合照護計畫之醫院申請資格
向健保署繳納之信託財產收益的計算方式
債(票)券附買回交易(RP)之利息所得扣取補充保險費說明
醫療紀錄安全性醫事人員偷竊資訊如何預防
特約醫療院所若要辦理視訊診療服務需有哪些設備？
癌症治療品質改善計畫內容
軍中眷屬的戶籍一定要在一起才可以保健保嗎？
成人健康檢查
如何變更單位名稱(統編未異動)？
醫療群醫師支援醫院指標說明
新生兒未取得健保卡前如何就醫？
辦理健保卡後尋回舊卡之處理方式
免扣取身分資格查詢結果為02者扣取補充保險費說明
現在失業中，配偶的薪資較高，可否自己保在公所？
如何辦理育嬰留職停薪？
可否用自己的信用卡臨櫃繳他人的健保費？
安寧居家療護內容說明
災民自墊部分負擔費用，可申請核退期限？
外籍聘僱關係尚存，但因故出國，健保應如何處理？
申辦過紓困但無力繳納，可不可以再辦一次紓困?
醫療費用項目明細表說明
外籍移工健保辦理時間
媽媽未成年依附父母當眷屬加保，爸爸在當兵，新生兒如何加保？
中斷投保期間，應該在B公司加保，但是B公司現在己經倒閉了，張先生該怎麼辦？
有關返國設籍並履行服兵役義務者是否須受全民健保6個月等待期限制
住院之天數限制？
國內各大學院校學生實習名額
如何幫他人代辦健保卡?
基層院所占比提升率說明
「補充保險費網路明細申報及列印繳款書系統」操作方式
外籍人士要繳補充保險費
公司聘用臨時工，需為其投保嗎？
健保卡註冊為什麼需要輸入戶號？
父母健保依附在其他兄弟姊妹(被保險人)名下當眷屬身份加保，現報稅由我申報為扶養親屬，父母的健保費可否列入保險費支出？
未滿17歲之呼吸器依賴患者辦理說明
健保費轉帳扣繳有好處嗎？
醫療院所健保卡登錄目的
已申請委託轉帳捐款健保愛心專戶如何註銷？
工、農、漁會會員的投保金額為27,470元者，自113年1月1日的自付額為多少錢？
癌症、惡性腫瘤可以申請重大傷病證明嗎？
員工投保日期申報錯誤，如何處理更正？
請問我如何尋求愛心捐款協助
已經習慣使用單機版，使用「補充保險費網路明細申報及列印繳款書系統」比較?
門診轉門診之轉診費用申報
長期旅居海外的保險對象欠費健保卡查核之目的？
已經去區公所辦理恢復健保，可是我還沒有拿到我的健保卡是不是要去領取。
將財產無償借予他人使用租賃收入補充保險費扣取說明
慢性病連續處方箋給藥日數最多是幾日？
總額支付制度之全民健康保險會預算計畫實施與監控
OBU之利息的補充保險費計收說明
醫事人員卡向哪個單位申請?
國內不可歸責保險對象自墊費用就醫
請問有家族肺癌史，做低劑量斷層掃瞄有補助嗎
若SAM卡遺失或損壞，如何處理？
特約醫療院所若有意願參與視訊診療，應如何報備衛生局？
若SAM卡數量不夠，如何申請？
想查詢新生兒健保卡號
如果民眾於戶政事務所辦理死亡登記，已同意通報健保署，是否仍須請投保單位申報退保？
牙科x光全口，為何都要重複做
收到健保署發送的確認信件，我要如何處理？
本署電子繳款單自101年9月6日起改為單軌制，單位已申請電子繳款單，本署不再寄發紙本繳款單、保險費計算明細表及異動暨減免清冊
診所的醫療品質和醫院一樣嗎？
低收入戶、榮民、傷殘身障人士，部分負擔會調整？
我可以在健保署網站上使用自己的信用卡或活期帳戶繳納他人的健保費嗎？
職工福利委員會發放獎金之補充保險費扣繳
無法下載檢驗報告
醫療院所變更負責醫師，如何辦理？
健保分期被撤銷移送中還可以補繳嗎
醫療輻射參考劑量?
請問今天才補發的健保卡何時可以領取6000補助
交割借券所得及信託借券所得列入補充保險費計收範圍說明
義肢申請完成後何時才可裝配義肢？
兼職人員的補充保費 應如何計算 ?
除了健保卡查核外，是否有其他強化旅外國人健保費繳納義務之措施？
手機無法查詢眷屬加退保紀錄，是否需重新認證
取得重大傷病卡前之部分負擔，可申請退費嗎？
請問我DNR健保卡註記，在健保快易通app可查到嗎？
員工分紅配股之補充保險費扣繳
107年年金改革後之軍公教優惠存款利息，是否應扣取補充保險費？
查詢家庭醫師相關資訊
公司可以查詢員工以往的投保歷史紀錄嗎？
健保特約醫事服務機構可否向病人收取住院保證金？收取壓舌板、注射針筒等之費用是否合理？如果收費不開收據，是否違法？
健保部分負擔之醫療費用付不出來，請問有什麼協助方案?
花蓮縣玉里鎮公所的在地製卡業務移到哪裡呢？
被保險人投保優先順序及限制
有關113年1月1日起基本工資調整為27,470元，健保投保金額有調整嗎？
中斷投保的投保單位可不可以拒絕為我補辦加保？
補卡之醫療費用申報日期說明
扣費義務人給付時因故無法扣取補充保險費的處理方式
執業處所外執行健保醫療服務之事後報備
記帳及報稅代理業務人扣取保險費之身分說明
承保業務網路服務專區有什麼用途？
投保單位(員工或眷屬)基本資料變更
我的病算不算慢性病?
補充保費申報_未收到回執聯該如何?
已年滿55歲，具原住民身分，可獨自投保戶籍地公所，不依附子女當眷屬嗎？
繳納健保費節稅說明
保險醫事機構收費說明
曾經視訊診療的病人，第2次看診還需經過衛生局轉介嗎？
沒有收到帳單，如何繳費？
成年之二親等內直系血親卑親屬，以眷屬身分投保原因及應檢附資料
旅外國人欠費健保卡查核的對象，其依附投保之眷屬，是否會受到影響？
補充保費繳納不平衡，怎麼辦？（收到繳納不平衡通知）
健保卡姓名列印原則
含多個投保代號之投保單位(機關)補充保險費扣繳說明
上網自行申請電子繳款單，快速又便利！
員工投保金額太高如何調降？
為什麼處方癌症免疫新藥須檢測病人生物標記(PD-L1)表現量？給付規定為何？
父母欲轉換依附當眷屬投保之子女，如何辦理？
如何取消電子繳款單
眷屬一定要依附投保嗎?
我想健保卡先停卡可以嗎
病患換了看診醫院，要如何讓醫師瞭解病歷?
開設整合照護門診模式參與醫院作業說明
總額支付制度確保醫療服務品質說明
受僱者定義說明
為何至大型醫院門診就醫時，自費比以健保身分就醫還便宜？
於民眾端若以視訊診療要有哪些設備？
股票時價超過認股價格的差額扣取補充保險費說明
超過繳費期限之繳款單，如何繳款？
依照使用者付費原則，我沒有用你們的健保看病，為什麼要我繳錢？
看病次數限制
請問我申請投保明細寄至郵箱，文件開啟密碼是什麼？
房屋租金的補充保險費計算方式
子女成年無職業，休學期間是否可依附父母加保?
詢問非健保相關問題
如何申請申報所得稅所需要的健保費繳費證明
健保投保金額如果低於勞工職業災害保險投保薪資應如何處理？
在台工作之外籍人士，薪資由國外支付者，應如何投保金額？
如何使用免憑證線上申請健保卡?
國內各大學院校學生實習計畫學生資格
如何網路申請明細表？
身心障礙手冊之鑑定證明費用健保給付嗎？
偏鄉地區保障點值
身分註記代碼為何？
我可以到那些金融機構臨櫃繳納健保費？
同一療程說明
獎金借支之給付日期規定
重大傷病證明遺失或損壞時如何申請補發?
發薪予非在公司投保之受僱員工補充保險費說明
事前審查申復作業
申請「重大傷病證明」免奔波說明
保險對象辦理退保或停保時，健保卡是否要繳回?
免扣取補充保險費之身分認定
扣費義務人於扣取補充保險費後通知保險對象形式
個人補充保險費扣費明細申報說明
股票股利之補充保險費扣取方式
健保卡自動帶入轉診病人基本資料說明
員工離職，公司何時辦轉出？
為何有重大傷病還需要收部分負擔？
滯納金如何申訴，若已繳過了呢？
每月薪資給付日，如逢假日而提前或延後給付，致產生跨月給付之情形，應如何計算投保單位補充保險費？
本署 103/8/19 發布新聞稿健保署不會利用電話或手機通訊軟體詢問有關投保、就醫及個人資料，再次呼籲請民眾不要受騙上當
牙周病統合治療方案院所查詢
媳婦可否為公婆投保？
電子轉診平台上傳個案資料限制
合夥組織營利事業合夥人盈餘總額之補充保險費扣繳
目前人不在台灣有慢性病需長期用藥，家人可以代為就醫領藥嗎？
藥物提供者參與藥物給付項目及支付標準共同擬訂會議說明
長期服藥之慢性病人無法親自就醫者，領取相同方劑規定
繳費可否用ATM 方式？
專門職業及技術人員定義說明
與外籍配偶離婚後，並未辦理退保，是否可以追溯退保並申請退費？
本人拿身分證到區公所哪一個單位辦理投保健保
參加全民健康保險應盡義務說明
產檢申報序號
第四類、第五類被保險人一般保費計算公式
身障可以有眷屬加保嗎？
醫院的病歷與健保申報資料是否一樣?
哪些特材可納入健保給付？如何給付？
全民健康保險之開辦日期
保費都繳不出來了，還收到滯納金繳款單？
具福保身分，為何健保卡沒有福保註記？(同時投保在公司：工農漁會)
全民健康保險醫療品質資訊查詢
器官捐贈之健保給付說明
醫療服務審查制度審畢評量作業之評量結果
二代健保實施後，是否每年會調整保險費費率？
分級醫療對習慣在醫院就醫的慢性病患有什麼影響？
總額支付制度與論量計酬差異說明
二代健保對弱勢者之照顧措施
可以索取健保卡卡套嗎？或健保卡卡套可以郵寄嗎?或醫療院所可以請本署提供健保卡卡套嗎?
為什麼要收取補充保險費？
住院整合照護服務試辦計畫內容
中低收入戶判斷方式
新成立公司，負責人為2家公司負責人，要如何辦理？
吊點滴要錢嗎?
健康存摺如何申請
請問離職後健保要在哪裡投保，如何透過全民健保行動快易通|健康存摺APP辦理？
112年7月1日部分負擔調整對偏遠地區有影響嗎？
外國人健保卡遺失，如果是外籍生怎麼網站辦?
單位名稱變更，統編也變了，要如何辦理？
中斷投保期間沒有工作，也要投保嗎？
如果補充保險費的明細重複報，要怎麼辦？
拾獲他人健保卡，應如何處置？
加保未領卡期間就醫申報方式
透過網路或行動快易通APP使用信用卡繳費，是否需自付刷卡手續費？
申訴人員服務態度不佳，有何管道？
有關獨資行號負責人投保受理作業相關事宜
請問如果民眾食用外燴發生疑似食物中毒事件，健保署可否向業者求償醫療費用？
二代健保政府財政負擔比率說明
保險對象在何種情況下應辦理退保？
健保卡遺失，個人資料會不會被竊取？
政府不是已經有相關救助措施，為什麼健保署還要辦理愛心捐款？
員工眷屬目前已有職業如何辦理退保？
已參加一般商業保險或機關團體內部自辦員工免費醫療或醫療福利互助者，可否免參加全民健康保險?
員工因傷，未能工作，健保可以退出？
電子轉診單介接院所HIS系統說明
實施二代健保之原因
補充保險費扣取資格查詢之檔案格式為何？
我現在請育嬰假中，家人如何把健保轉到我這來呢？
若醫事機構登錄個案資料後發現有登載錯誤，應如何處理?
信託財產之補充保險費繳納期限
轉診單使用注意事項
重大傷病範圍一覽表
二代健保維持財務收支平衡的方法
所以就算是否有補助也一定要投保
臺中市政府辦理65歲以上長者或55歲以上原住民健保費補助
如何成立新投保單位？
醫療院所如何在VPN系統下載扣繳憑單、分列項目參考表、醫療實付金額明細表電子檔？
減資發給股東的現金扣取補充保險費說明
如何查詢健保點值的資料?
接受轉介出院病人並辦理出院後續追蹤指標說明
子女成年在學，可依附父母當眷屬投保嗎？
軍校自費生、軍費生如何參加健保？
(村)里長為公職人員，應以第1類被保險人身分投保
目前健保的財務狀況？
我已經有辦過分期，但是我經濟困難逾期很多期沒繳，請問我可不可以重新再辦分期？
想詢問第一類專技人員的加保方式
如以新證號加保，健保卡是否需更換?是否收費?
一般港、澳或外籍人士如何參加健保？
公司收到退費支票，公司未開戶，如何辦理變更領款人？
如何填寫投保/退保表？
特定身心障礙者牙醫醫療服務計畫查詢
「海外基金」之利息所得是否須扣取補充保險費?
曾有投保紀錄者，因出國很久戶籍被除籍如何復保？
102年1月1日起替代役役男就醫持證免收部分負擔
持轉診單至急診就醫，之後回診是否適用視同轉診規定？
公、勞保被保險人退休後，如何參加健保？
申請委託轉帳捐款健保愛心專戶的扣款時間為何？
醫院總額抽審指標之設立目的
如何開啟就醫提醒?
全民健保費用來源
醫師或藥局說我還有餘藥，不能再開藥，怎麼辦？
網路查詢扣取資格之筆數限制
外幣定存納入計算補充保險費說明
實習老師應以何種身分參加健保？
單位收到員工的中斷繳款單，應如何處理？
「健保醫療資訊雲端查詢系統」窗口聯絡資訊
住院轉門診之轉診費用申報(含居家照護)
第二類被保險人之依附眷屬補充保險費計算方式
總額支付制度種類說明
如果發放獎金時員工已經離職，應如何計算與扣取補充保險費?
扣費義務人何時申報補充保險費明細?
處方箋藥品替代說明
健保卡可以取代自然人憑證嗎？
什麼是「家醫2.0醫療群」？
看到網路或Line上流傳健保費繳款單是假的，不知真實性如何？或收到健保費繳款單不知是不是真的？
中醫同一療程服務項目
請問為什麼最近都看不到驗血資料
健保卡遺失已補領，後來又找到還可以再用嗎？
雇主、自營業主投保金額比對營利所得逕調案
戶政通報死亡退保資料於戶政事務所同意上傳後，幾天可以完成退保作業？
COVID-19疫情期間建議如何就醫?
如何變更單位證照地址？
為什麼掃描後連結至本署全球資訊網「全民健康保險健保費繳納專區」，點選確認繳費畫面卻沒有反應？
請問如果健保欠費有新工作的話會從薪水扣嗎
因武漢肺炎疫情的關係，臨時在馬來西亞緊急剖腹產，因馬來西亞航空停飛，無法於6個月內申請自墊核退怎麼辦?
重大傷病證明需檢附文件？
公司(單位)收到行政執行分署通知扣繳員工薪資的執行命令，應如何處理？
使用健保卡時需輸入密碼嗎?在更新時是否需要密碼?一定要在有效期限內更新嗎?
西醫醫療資源不足地區改善方案之保險對象應自行負擔的醫療費用
在臺出生外籍新生兒符合健保資格日的認定事宜
新生兒就醫需攜帶文件
健保費欠費分期的期數及最低繳納金額是多少？
單位有多個投保代號個人補充保險費之繳款規定
為何我要進入健保卡網路服務註冊，為何電腦老是出現錯誤訊息？
投保漁會檢附退保證明規定
為何安全模組(SAM)卡會遭鎖定?
一般公司行號新成立投保單位
補充保費給付類別錯誤可以更正嗎？
有一部分的檢查資料不想給醫師看可以嗎? 應如何處理?
視同轉診部分負擔規定說明
農、漁會之負責人變更時，需檢附那些文件？
醫院以病人為中心門診整合照護計畫之結算方式
分區審查醫師審查癌症免疫新藥案件的重點是什麼?
健康存摺裡面有什麼醫療紀錄？
在保無欠費之保險對象死亡，其家屬無法出示有效之健保卡
視訊診療適用對象包括初診病人嗎？或不得為初診病人？
全民健康保險為何要採行強制投保方式辦理？
訓練機構成立時應附之附件為？
申請老年給付再工作健保要如何保
返國復保、再次辦理停保規定?
個人未繳保費查詢?
二代健保不採用家戶總所得計費的原因
什麼情況會被逕自加保
員工已到職多時，才發現未辦投保，要如何處理？
何謂榮民？何謂榮民遺眷的家戶代表？
那些藥品可納入健保給付？如何給付？藥品健保給付規定
健保卡遺失要登報作廢嗎？
請問去年的財報何時才會公布?
健保卡已註冊，要如何變更健保卡註冊密碼？
醫院以病人為中心門診整合照護計畫之目的
村里鄰長所屬投保單位扣取補充保險費說明
二代健保實施後兼職所得扣取補充保險費說明
員工留職停薪時，公司及員工應如何扣費？
接到詢問高診次關懷函，該如何回答(建議話術)?
獎金改列為薪資所得之補充保險費扣繳
經由健保『多憑證網路承保作業』，可以申報勞退或勞保資料嗎？
我想定期捐款，該如何做呢？
請問之前有失業所以沒繳健保費一個多月會怎樣嗎
近視雷射治療可以使用健保嗎
已退保為何還是會收到保費?
我已經有辦過紓困，但是我經濟困難逾期很多期沒繳，請問我可不可以現在再繼續繳？
如何查詢有參加住院整合照護服務試辦計畫的醫療院所
育嬰留職停薪期間的投保金額計入投保總額說明
總額支付制度之品質確保方案
根管治療就醫類別
健保計費明細為何無法有本月
如何索取空白表單？
投保單位繳交補充保險費金額限制
如何查詢重大疾病卡卡號
多久可以洗牙一次？
藥事人員讀取健保卡之權利
全民健保行動快易通APP更新後，是否需要重新綁定行動裝置
衛生局沒有轉介的居家隔離或檢疫病人(或家屬)自行以視訊通話撥給醫師視訊診療嗎？
眷屬之健保費如何計算？
目前哪些地區公所提供在地製卡服務?
請問單位欠費要如何申辦分期?
檢查病理報告沒有上傳
自付差額特材-治療複雜性心臟不整脈特殊功能導管
第一類被保險人一般保費計算公式
職業工會會員免扣取兼職所得補充保險費證明列印方式
有參加商業保險還要參加健保嗎?
機關團體未成立投保單位給付收入之補充保險費扣繳
眷屬追溯加保
二代健保實施前的爭議案件扣取補充保險費說明
健保卡遺失補辦最多幾次?
無所得的眷屬為何須依附被保險人計費？
「抵利型房貸」的利息所得扣取補充保險費說明
第六類被保險人一般保費計算公式
公司行號分支機構查詢免扣取資格方式
轉診院所說明
呼吸器依賴患者之罕病個案申報說明
健保費的繳納期限？
健保費繳費異常之工會
健保卡就醫資料上傳作業錯誤明細
法人股東所獲配之股利所得之補充保險費扣繳
獨資企業行號，無雇用員工如何投保？
明細申報與平衡
醫學中心未以電子轉診平台回復說明
企業為職員加保方式為何?
一、病人意見分享平台目的說明二、病人意見分享平台發表及製作報告說明
如何辦理轉帳資料變更？
股價影響股票股利計收補充保險費說明
研發替代役應如何辦理健保?是否可攜帶眷屬加保?
扣費義務人之定義
我國學術或研究機構依產業創新條例第12條之2第1項規定，分配股票予我國創作人，應如何扣取補充保險費？
用健保快易通停保，選本人停保時，配偶都會被自動加入。
補充保險費明細申報金額跟繳費金額不符說明
換發新式統號後，我的健保資料會自動變更嗎?健保卡要重辦嗎？重辦的話是否要費用？
雇主支付未具健保資格員工薪資之扣取補充保險費說明
急性後期整合照護計畫(PAC)?
未申請轉帳，為何收到存款不足通知？
負責人於公司內領有薪資及獎金之個人補充保險費計算基準
「健康存摺」可以當作診斷證明書去申請保險理賠嗎？
慢性病人疫情期間視訊診療是否可開立慢性病連續處方箋？
兼職所得補充保險費申報方式
如何使用APP健保櫃檯辦理公所投保？
安寧共同照護內容說明
中、牙醫師開立之轉診單至西醫醫院，是否以西醫經轉診之部分負擔計收？
行動櫃檯登入頁面在哪裡
在多憑證系統幫員工加保？
健保卡更換後查詢不到醫療紀錄
可以請醫師開一樣的藥嗎?
孕婦產前檢查服務對象及服務項目
自付差額特材-特殊功能人工水晶體
有關113年度健保投保金額及平均眷口數調整，是從計費年月113年1月開始，所以不影響113年1月31日前繳納之112年12月保險費，正確嗎？
投保農會檢附退保證明規定
健保卡網路服務註冊需要什麼設備及資料?
新生兒經由跨機關通報服務依附父母親加保，惟事後若需變更依附被保險人應如何辦理?
當投保單位每月支付薪資所得總額超過受僱者當月投保金額總額時，應繳納補充保險費；請問「受僱者當月投保金額總額」如何計算？
想查詢外國人的統一補發健保卡的事宜
如何把小朋友健保轉出
補充保險費造冊給健保署的方式
身分證不見可以用戶口名簿替代嗎
現行勞保持續加保說明
在國內從未加過健保戶籍被除籍如何加保？
一般出國停保、復保規定?
因承租人使用產生費用之補充保險費計收
民眾如何查詢領卡進度？
健保支付單次補牙數限制說明
申請加保多久才會生效
保單分紅納入計算補充保險費說明
如何解除健保卡晶片密碼
排除申請多憑證網路承保作業平台的投保單位使用免憑證下載明細表
雇主之股利所得超過上限1千萬元扣取其補充保險費說明
健保快易通APP健保櫃檯可以辦什麼業務？
兼職低薪受僱者之補充保險費扣繳
請問本人連線貴署之「個人健保資料網路服務作業」、「健保卡網路服務註冊」、「內政部戶政司代辦健保卡申請進度查詢」、「外籍人士健保卡首發查檢系統」、「全民健康保險健保費繳納專區」、「弱勢民眾通報平台」等系統或作業平台皆顯示：「此網頁不存在」、或「連線不成功」，該如何處理？
因災害發生，民眾無法取得健保卡或健保卡遭毀損，至醫療院所就醫是否適用C001例外就醫及免部分負擔
如何查詢醫院財報？
新特約及換約期間就醫序號填報方式
外籍配偶如何辦健保（ex：越南、泰國）？
那個月的錢我有繳，為什麼還收到那個月的繳款單？
新北市市民自今年起年滿65歲由政府繳納，但已收繳費單且已繳該如何退 ?
總額支付制度之預算設定依據與程序說明
詢問領有重病卡，可否另外申請現金給付？
外籍勞工、看護工未取得居留證辦理投保申請健保卡時，如何就醫？
愛心捐款是否有收據證明，作為抵稅依據？
投保金額遭調高之獎金差額退還補充保險費說明
愛心捐款公開徵信
醫療院所醫療服務品質資訊網路查詢步驟說明
牙醫同一療程服務項目
愛心捐款資料是否與國稅局連線申報？
非曾依規定由上游病房下轉之呼吸器依賴患者應事前核備
我可以到那些便利商店繳納健保費？
如何註冊多憑證網路承保作業？
執業處所外執行健保醫療服務之服務地點更動
以聲明書聲明投保之特殊情況特殊投保代碼(以第6類獨立投保)
已申請委託轉帳捐款，為何未扣款？
詢問重大傷病證明申請進度?
「社區健檢或社區篩檢」服務?
雇主會知道眷屬的關係嗎
不同院所網路未互相連線，如何判斷病人為重大傷病患者?
參加全民健康保險可享有之權利說明
有關非本人辦理停保及復保，而是委託他人代辦，需檢附什麼文件？
失蹤定義說明
雇主及自營業主申報投保金額調整可否以股利憑單作為證明文件？
投保公司檢附退保證明規定
單位收到健保署寄發所屬被保險人健保投保金額財稅比對，申訴調整後的投保金額與實際薪資料不符，如何申復？
總額支付制度說明
非開設整合照護門診模式說明
什麼是健保醫療資訊雲端查詢系統？
投保單位(雇主)應繳補充保險費之規定，其計算方式中所指「薪資所得總額」之定義為何？
健保新特約申請流程說明
健保醫療資訊雲端查詢系統批次下載之查詢作業方式
補習班申請新成立新投保單位時，應檢附哪些相關表件？
扣費義務人查詢扣取資格資料有效期規定
已經換成新式統號，外來人口自然人憑證也是新的，請問我可以查詢以前及最新的健保資料嗎？
看診時間使否有限制
為甚麼健保欠費繳款單會寄到公司?
醫療服務審查制度審畢評量作業之目的
如何申請鎖卡期間自墊醫療費用(含部分負擔)退費呢？
呼吸器依賴患者連續使用日期認定標準
我要如何在網路申請健保卡，到現場領卡?
新卡就醫序號重號處理方式
全民健保行動快易通APP怎麼查健康存摺？
自信託公司及股票發行公司取得股利所得之補充保險費扣繳
已註冊完畢，為何無法登入多憑證網路承保作業？
第二類保險人於工會加保之補充保費說明
公司需要幫工讀生加健保嗎？
醫療服務審查制度之醫藥專家資格
員工的眷屬要加保可以寫在勞保三合一表內嗎
電子轉診平台使用資格限制
罕見疾病患者享有健保福利項目
保費自動轉帳申請表格？
呼吸器依賴患者緊急手術認定及定額費用說明
牙齒再填補不得申報充填費用
特殊情形就醫序號填報方式
家庭醫師整合性照護說明
外國公司在臺設置辦事處所指派之代表人，應如何加保及申報投保金額？
外籍人士投保資格？
繳款單不見了或未收到，能否用劃撥的？(包含欠費)
總公司統一彙繳分支機構補充保險費說明
健保署意見信箱(NHIA Mail)
就醫時健保卡損毀、故障讀不出來怎麼辦?
如何申請投保單位在保保險對象名冊及保費計費明細表？
工、農、漁會成立時應附之附件為？
旅外國人健保卡查核對象，無法一次繳清欠費，應如何處理？
牙周病手術之健保給付說明
總額支付制度優點說明
就醫時忘記帶健保卡?
疫情期間我的健保卡無法因其他原因無法使用，這時需要就醫者，我需要健保卡應如何辦理?
民眾換發身分證時，如何用新身分資訊登入全民健保行動快易通|健康存摺APP?
健保卡相關訊息管道
全民健康保險有哪些中醫相關方案及專案計畫?
寒暑假的工讀生，需要在那個地方加入全民健保？
被保險人留職停薪時，要不要退保？
銷帳編號不一樣
機關如果未扣繳二代健保補充保費，年底會要求補繳嗎
中低收入戶和身心障礙者在新制部分負擔保障
電子繳費單開啟密碼
同一基準日分配之普通股及特別股股利扣取補充保險費說明
總額支付制度之西醫部分財務分擔機制
如何在網路申請健保卡?
公職人員定義說明
ID、生日變更，如何辦理健保卡？
預防接種/打疫苗費用健保給付嗎？
「健保醫療資訊雲端查詢系統」之餘藥試算
健保欠費已移送行政執行分署案件，可否在健保署辦理分期？
門診減量目的說明
腹腔鏡闌尾炎切除術 健保有給付 ，為何 臺北萬芳醫院說沒有給付
臨櫃申請註冊需帶哪些證件?
現行公保持續加保說明
眷屬加保所需資料？
雇主一定要幫員工投保嗎？可不可以讓員工自己在外面保？
醫療院所收取自費項目相關資訊
轉介失智症病人至適當醫院就醫指標說明
除使用IE瀏覽器外，可不可以使用其他瀏覽器(如Google Chrome)開啓「健保卡網路服務註冊」系統?
已申請轉帳，為何未扣款？
公司之董監事，固定每月支領車馬費，但無領取薪資，亦無在其他公司上班，請問應以雇主或一般員工身分加保？
補充保險費作業專區支援哪些WINDOWS作業系統
復保辦理方式為何?
設籍前新住民健保費補助計畫之補助資格
「健保醫療資訊雲端查詢系統」同意書簽署人簽署方式及注意事項
愛滋病與全民健康保險之關聯說明
申請自墊醫療費用核退後，何時會退款至帳戶內?
保險公司的「延遲理賠利息」扣補充保險費說明
繳款單的QR Code可以用什麼APP掃描繳費？
「補充保險費網路明細申報及列印繳款書系統」置放於健保署網頁何處?
對於療效上有疑慮之藥品暫停給付說明
健保給付過敏原檢測如何申請
二代健保之DRG支付制度
什麼是「中斷投保」？要如何補辦中斷投保？
投保單位不負擔所屬被保險人及其眷屬的保險費，會有處罰嗎？
補充保險費如有溢扣，扣費義務人應如何辦理退費及申報?
請問村（里）長及鄰長之投保金額應投保那一個等級，投保金額應為多少？每個人應繳自付額多少錢？單位負擔為多少？
以總機構與分支機構型態經營之企業內員工健保費計算說明
全勤獎金之補充保險費扣繳
育嬰留職停薪需事先申請嗎？
請問有做氣切手術需要靠氧氣瓶供氧的病人，醫院可以拒收？
承租多人共同持有的房屋之租金補充保險費計算說明
藥品給付、價格訂定及調整之法源基礎說明
我可以郵寄支票捐款？
冒用健保卡就醫者，會如何處罰?
失蹤停保規定?
全民健康保險與現行的公保之差異
眷屬離家出走，可否不幫他加保？
中醫、牙醫診所可開立轉診單嗎？
免扣取補充保險費之身分認定時機點說明
雇主投保金額調降
衛生福利部中央健康保險署協助各政府機關辦理補助全民健康保險保險對象自付保險費作業要點 (民國102年07月19日修正)
電話進線後立即斷線、無法聽到對方的聲音、出現雜訊，未能實際服務民眾
自墊醫療費用核退之金額上限
員工已投保多時，才發現眷屬未隨同一起投保，漏掉了要如何處理？
疫情期間視訊診療之保險對象診治的條件？
健保快易通中就醫院所的聯絡電話不正確
民眾發生汽車交通事故，身體發生傷害的醫療費用，健保署可否求償？
公司查無公司名稱，無法繳納補充保費
什麼是隨同依附投保？
失業被保險人之眷屬補助保險費之補充說明
使用「健康存摺」對我有什麼好處？
我是自行執業專技人員，沒有聘用員工，請問我的投保金額最低可以調為多少？
轉帳資料如何註銷?
健保特材收載品項表欄位格式問題服務窗口
補充保險費繳款單列印方法
公私立學校幼稚園成立時應附之附件為？
超過三口眷屬的健保費要如何計算申報所得稅？
受災民眾如為未納保之外籍人士或大陸人士，是否可以健保身分就醫?
如何變更單位通訊地址？
怎麼申請公司復業？
門診轉住院之轉診費用申報
居家照護收案條件
我已經有辦過紓困，我有收到你們的催繳單，但是我經濟困難逾期很多期沒繳，我目前是低收入戶，請問我可不可以不要繼續還紓困貸款的錢？
重大傷病申請通知非本人
承保業務網路服務專區如果沒收到確認信，或是E-MAIL打錯了，要重新註冊嗎?
亡故者欠費是否需繳納
公司負責人沒有在公司領薪水，可以辦理轉出嗎？投保金額太高可以調降嗎？
支付律師費給律師事務所代扣補充保險費說明
疫情期間如何查詢衛生局指定之視訊診療醫療機構？
優惠存款利息補充保險費計算方式
外勞轉換雇主，新雇主如何辦理投保？
已成年未婚，目前投保在父母名下，已經懷孕，如何幫新生兒投保？
全民健康保險與現行的農保之差異
健保卡遺失, 別人拾獲是否可使用？會有冒用的可能嗎?
醫療服務審查制度之委託辦理專業團體
請問本單位連線貴署之「多憑證網路承保作業」、「全民健保補充保險費作業專區」、「網路申請成立健保投保單位」、「補充保險費網路明細申報及列印繳款書系統」、「免憑證專區」、「全民健康保險健保費繳納專區」等系統或作業平台皆顯示：「此網頁不存在」、或「連線不成功」，該如何處理？
不同職業(例如：演藝人員、專技人員…)採用相同補充保險費說明
若育嬰留職停薪時間到了，要再辦理何種手續？
原本加保在農會，戶籍有遷移健保要如何辦理？
前單位離職轉出後，原依附投保之眷屬健保處理說明
執業處所外執行健保醫療服務之醫師名單更動
眷屬有重複投保情況，應該如何處理?
禮券之補充保險費扣繳
如何變更負責人？
二代健保之出國停復保規定規劃
民眾接獲疑似詐騙集團的來電，該向那個單位確認？
非營利組織向自然人承租之扣取補充保險費說明
承保業務網路服務專區忘記密碼怎麼辦？
新生兒依附父母投保之就醫方式
診所可申請調劑費嗎
網路受理調降投保金額3級以內申報之相關規定
如何知道健保卡已註冊
我因為健保費繳不起，我不要加入健保好嗎？
愛心捐款協助的對象怎麼決定？補助範圍為何？
一般保險費計算釋例二
轉診就醫報到說明
投保單位應如何為員工或其眷屬辦理停保後入境返國之復保或重新加保？
領有殘障手冊住院，是否部分負擔不用繳納？
「健康存摺」資訊不同步處理方式
國內各大學院校學生實習計畫申請方式
關懷弱勢，健保愛心專戶協助說明
分級醫療有什麼好處？
全民健康保險的中醫出診費用如何計算？
我的卡片之前就醫使用都沒問題，卻在進行更新時顯示「卡片已註銷」，要如何處理？
無職業之鄰長如何參加健保?
如何找回遺失健保卡
自付差額特材-治療淺股動脈狹窄之塗藥裝置
電子轉診平台使用步驟說明
依門診住院就醫類別說明
個人退費支票，名字已變更，如何申請變更支票抬頭？
漁船公司成立時應附之附件為？
負責人領有薪資及獎金之補充保險費扣繳
公司的退休員工，徵得原投保單位的同意，得以原投保單位為投保單位，並以第六類第二目之被保險人身分加保中。該退休員工仍在公司打零工領有薪資（格式代號50），請問該筆薪資是否為所屬投保單位的薪資所得，不列入補充保險費的計收？
健保卡沒有電子簽章功能，可以用來報稅嗎？健保卡是就醫憑證怎麼可以用來報稅？
祖父母可否依附孫子女投保？
滯納金計算方式？
同一個月的保費繳納二次要如何申請退費？
有關網路流傳「年收入160萬元以下趕快去健保署申請菸品健康捐補助健保費」之錯誤訊息，已發布新聞澄清。
投保單位應於何時辦理所屬員工的投保或退保手續？如何辦理？
可否免繳健保卡工本費？
全民健康保險投保資格？
急診部分負擔認定標準為何？
緊急傷病自墊醫療費用核退【國外或大陸地區緊急醫者】
補充保險費計算釋例一-利息所得
個人健保資料網路服務作業有提供什麼服務？
補充保險費計算釋例二-獎金
開立診斷書及診斷書影印費用健保給付嗎？
為什麼癌症免疫新藥必須限制病人的身體狀況及心肺與肝腎功能?
以聲明書聲明投保之特殊情況特殊投保代碼(跨親等)
視同轉診之回診醫院計價櫃台如何認定，申報部分負擔代碼為何？
住院整合照護服務試辦計畫的自費金額?健保有補助嗎?
上傳率未達標之因應方式
外商公司成立時應附之附件為？
有關Line群組謠傳接收健保署電子郵件可能中勒索軟體一事，經本署調查並非事實，特此澄清!
藥單不見申請要多少費用
收到二三類累催繳款單,應如何處理?
如何查詢自己的投保紀錄？
台東縣政府有無辦理65歲至69歲中低收入老人(自付健保費補助？)最高補助多少元?(東區)
已報失蹤，健保可以退出嗎？
申請自墊醫療費用核退的費用，可否退款於他人帳戶?
健保提供之醫療服務?
收取補充保險費影響企業負擔說明
里長支領之健檢及人身保險補助費用扣取補充保險費
如何知道自己被除籍?
請問我的欠費要辦紓困？要怎麼辦？
員工辦理育嬰留職停薪中，如何辦理離職退保？
雇主替員工負擔個人補充保險費說明
詢問各分區業務組的服務時間及地址?
二代健保方便民眾就醫之規劃項目
為提升醫療服務效率，建立醫院品質比較基礎，全民健保自105年3月1日起，醫院住院全面實施Tw-DRGs支付制度
家庭醫師整合性照護計畫推動目的
要如何刪除健保看診資料?
在宅急症照護試辦計畫提供什麼服務
「全民健保行動快易通│健康存摺」APP之下載方式
104/1/12承保資料納入健康存摺系統相關事宜健康存摺之「健保卡 密碼」5/26已上線
如何查詢個人減免補助資料？
使用atm繳款沒有銷帳編號怎麼繳
健保轉出後如何繳保費？
負責人一定要在單位以負責人身份加保嗎？
查詢3年以上就醫記錄
公所重複投保之保費，如何申請退費？
原住民恢復傳統姓名健保卡並列羅馬拼音
申請健保卡的資格
榮民隱藏其工作身分，不以第一、二、三類被保險人身分投保時如何處理？？
部分行業薪資投保金額調降時追扣補充保險費說明
如何更改個人通訊地址？
被保險人與眷屬不同戶籍，是否適用第四口眷免收保費之規定?
扣費義務人免予補足或追償罰則規定
離婚了但是收到應繳前配偶費用該怎麼辦？
應屆畢業學生自當學年度終了之日起一年內之期間認定
健保卡查核措施內容
紅利之補充保險費扣繳
慢性病房住院部分負擔
公寓大廈管理委員會成立時應檢附何種文件?
我要怎麼知道錯誤代碼代表的意思？
收到存款不足通知單後已存錢於帳戶中，為何不扣款還寄繳款單來給我？
健保卡被註銷，但未申請新卡
健保卡特殊姓名處理方式
詢問子宮切除手術的費用
公司行號僱用的員工已參加職業工會，是否仍須為其投保？
低收入戶繳不出以前的健保欠費之健保說明
網路申請成立健保投保單位作業
如何申請健保卡註記器官捐贈或安寧照護(放棄急救)？
如何查詢健保就醫資料
牙醫門診抽審檢附資料
抗體檢測結果顯示?
股票股利扣繳補充保險費之原因
籌備處成立時應附之附件為？
投保單位補充保險費之負責計算單位
最近平均眷口數？
慢性病連續處方箋領藥規定?
健保收支連動機制說明
健保卡註冊的用途有那些？
投保公所的人，如何現場申請收據？
健保費率調整之程序？
兒童牙齒預防保健服務給付時程？服務項目？
代謝症候群防治計畫參與院所查詢
「設籍前新住民申請健保費補助案」哪些人可以提出申請？
呼吸照護試辦醫院如何辦理重大傷病證明？
卡號重覆說明
糖尿病會員胰島素病人注射率操作型定義說明
醫院以病人為中心門診整合照護計畫之申報給付項目
PCR檢測報告如何從健保快易通下載?
健康存摺可以修改嗎?
無 RCW醫院收呼吸器依賴患者之事前核備
使用電子轉診平台之紙本轉診單
呼吸器依賴患者的收案條件
保險對象提供不實憑證之扣費義務人不須承擔責任
合作社社員盈餘總額之補充保險費扣繳
全民健康保險的投保金額與勞保或勞工職業災害保險的投保薪資須要一致嗎？
我去補牙可以申請補助嗎
何時可以收到轉帳扣繳收據？
被保險人低薪資高獎金之補充保險費扣繳好處
個人「重大傷病」資訊查詢
公司如何為外籍勞工投保？
處方箋有效期間規定為何？
慢性病連續處方箋遺失怎麼辦?
可不可以拿申請健保卡的收據去退押金
「戶政事務所跨機關通報健保卡資訊平台」便民措施
眷屬遭受家暴可不必隨同辦理加保及退保，但若「施暴者為所依附之眷屬」，被保險人可否依前開規定，主張將其眷屬轉出？
兼職所得是按次還是累計來扣補充保險費?
牙周病統合治療方案申請說明
單位歇業，需核送健保署什麼表件？
已加保，但就醫時未顯示加保
門診復健部分負擔
董監事車馬費之補充保險費扣繳
薪資清單是什麼
員工離職日非月底，離職當月健保費該如何計收？
大陸人士持居留證符合投保規定〈居留事由〉
已在工會投保，有工作後，可否繼續投保工會，不加入公司？
久居海外者(或除籍)返國加保，何時才能投保健保?
不同公司所發放獎金累計之補充保險費扣繳
住院一般膳食費之日數計算應為算進不算出或算進又算出？
社會上殺人、槍擊等凶殺案頻傳，是否可將受害者的醫療費用強制由加害人全額負擔？
為什麼我已經在家自申請健保卡網路註冊，還是未註冊成功？
二代健保影響股市幅度說明
保險對象申辦停復保未(無法)檢附(快速通關)入、出境戳章者，可由保險對象於影印之護照上簽名自書日期時間再由健保署查詢。
緊急傷病自墊醫療費用核退【國內至非特約醫療院所醫者】
紓困已至應繳時間，還是無法繳納，怎麼辦？
國內各大學院校學生實習計畫申請時間
衛生福利部全球資訊網增列「送子鳥資訊服務網」供民眾查詢
被保險人的實際工作所得未達基本工資，應如何申報投保金額？
如何取消健保快易通的綁定？
繳費收據說明
門診部分負擔減免標準說明
信託基金，收益分配來源為大陸企業發行之債券所獲配之利息所得，於配息時是否應扣取補充保險費？
請問公司健保費是使用自動轉帳，因變更負責人後銀行帳號也變更，從官網上下載的繳款單是否可到銀行繳費呢？條碼是刷收件人下面的條碼嗎？
子女已成年，剛畢業無職業未婚，依附父母投保，要如何辦理，需附什麼證明？
民眾如中斷投保期間實際應該以眷屬身分依附先生在A公司加保，在收到「全民健康保險保險對象中斷投保保險費通知單暨繳款單」後，如何申復以實際身分加保？
補充保險費申報檔案格式
家庭醫師之定義
什麼是健康存摺？
取得符合獎勵記名股票未緩課之股利所得扣取補充保險費說明
什麼是分級醫療？
新版「補充保險費網路明細申報及列印繳款書系統」適合使用哪些瀏覽器?
實際從事農業工作者定義說明
詢問如何辦理網路加退保之相關問題?
民眾可以自行向健保署提出事前審查申請嗎?
總額支付制度之西醫部分區分為醫院及基層說明
投保單位代號如何查詢？
西醫同一療程服務項目
伴手禮要納入補充保費嗎？
樂透及彩券中獎獎金之補充保險費扣繳
全國各戶政事務所受理「亡故者健保退保通報作業」實施日期？
負責人加保於自己公司之勞健保費用說明
網路多憑證申報，新增投保單位基本資料變更
欠費催收要點(民眾單純查欠費時，請點本題)
振興券相關問題
有認養子女要如何投保？
可否申請預繳健保費？
慢性傳染病照護品質計畫內容
收治呼吸器依賴患者申請事前核備之判斷
兒童預防保健服務對象及服務項目
如何使用網路或單機版申報補充保費？
專技人員如何申報調整投保金額？
申請育嬰留職停薪起迄日期有誤怎麼辦？
承租人自費建屋扣取租金收入補充保險費說明
義肢給付的範圍為何？
補充保險費明細上傳時間限制
逾十日補卡申報說明
負責人不在公司投保，股利要不要扣補充保險費？
為何保費調漲
居家隔離或居家檢疫民眾如有醫療需求，通常會選擇他信任熟悉的院所看診，惟若民眾同意以視訊診療看診，怎麼辦?
健保卡無法讀取重大傷病證明註記
同一個月的補充保費繳納二次要如何申請退費？
二代健保計收補充保險費之「租金收入」，是否須扣除房貸及修繕成本作為扣費基礎?
如果我要依附的對象不在臺灣怎麼投保？
受災民眾發現健保卡不見或毀損了，申請補換發健保卡，是否免費補發？
如拒不參加全民健康保險，是否會受到處罰？
預繳多月份同金額租金之補充保險費繳款書
喪葬補助費之補充保險費扣繳
全民健康保險之保險對象？
呼吸器依賴患者整合性照護前瞻性支付方式個案轉出
已受健保一般保費補助之災民，改變投保身分是否被取消補助資格？
個人漁船成立時應附之附件為？
請問我積欠的保費，若一次繳清，我的銀行帳戶能馬上恢復使用嗎
開設整合照護門診模式初診說明
請問健保投保金額可以低於勞保或勞工職業災害保險投保薪資？
請問如果民眾在公共場所發生意外事故，就醫所產生的醫療費用，健保署可否向業者求償醫療費用？
被保險人自投保單位辦理轉出，何時可轉為依附眷屬身分於同一單位加保作業
收到關懷函會怎樣?健保卡是否會被鎖？
如何查詢個人保費計費明細(含投保金額)？
就醫後多久可以在健康存摺中查詢當次就醫相關資料
卡片換發及停電代號區分方式
健康存摺紀錄不完整，缺多項未顯示
免扣取補充保險費之禮券說明
偏鄉地區(山地離島及醫療資源缺乏地區)減免就醫部分負擔
扣取補充保險費後的繳納方式
高齡長輩或其家人無法操作智慧手機之視訊裝置，是否能由衛生單位專人提供公用之手機供其使用？
死亡如何辦退保，帶什麼證件？在哪裡辦理？
暫行停止給付期間，於非保險醫事服務機構就醫者(臺灣地區外)
收容人就醫方式
全民健保說明
健保卡網路服務保險對象常見問題
投保單位合併印製一般及補充保險費扣費證明說明
延後給薪之投保單位補充保險費扣取
重大災害受災民眾有健保費補助嗎？
無一定雇主之受僱者定義說明
健保三合一退保遇假日
糖尿病病人眼底鏡檢查指標計算說明
轉診建議說明
處方箋可在那裏領藥？
公司員工至國外出差超過6個月是否可選擇停保？
外勞已轉換雇主，如何辦理轉出？
領有殘障證明，門診就醫要繳的部分負擔費用？
全球資訊網的自墊醫療核退案件辦理進度查訊系統查不到我的核定資料。
花蓮地區以外之健保特約醫療院所如收治來自災區無健保卡之災民，應如何受理就醫?
哪裡可以找到電子處方簽
眷屬範圍？
接續納保聲明書一定要本人親簽嗎？
平均眷口數歷次調整
看病是否要核對健保卡與身分證?
牙周病統合治療方案各階段健保支付點數
政治獻金專戶孳息扣取補充保險費說明
購買國內銀行發行的債券基金之配息扣取補充保險費說明
母親剛過世，我可以去健康存褶下載用藥紀錄嗎
如何設定調病歷權限
醫療院所利用「健保醫療資訊雲端查詢系統」上傳資料說明
健保開辦以來，曾經有加過健保，出國辦理停保，須恢復戶籍滿六個月才能投保嗎？
急診病人之轉診就醫安排
112年7月1日調整後門診、急診部分負擔的金額是多少？
生病時，如何判斷該去診所還是醫院就醫？要怎麼選擇自己的家庭醫師？
可以請你們協助查詢新型冠狀病毒檢測快篩結果嗎？
何種情形應停止使用癌症免疫新藥？
健保醫療資訊雲端查詢系統建置目的?
醫院總額抽審指標之內容
民眾能不能自行查詢或下載健保醫療資訊雲端查詢系統
什麼是虛擬健保卡?
健保卡同一療程登錄就醫次數規定
捐款金額有上下限的規定嗎？
新版「補充保險費網路明細申報及列印繳款書系統」跟舊版有何不同?
「設籍前新住民申請健保費補助案」應如何申請補助？ 須附哪些證明文件？
自營作業者定義說明
股利及利息所得補充保險費申報列舉扣除額時間點
一般保險費計算釋例一
如何辦理退保(轉出)手續
我已領到健保卡，現在要改名字，我要如何換卡？
遺失健保卡工本費繳款單
健保病房費給付說明
糖尿病共照診所兼職營養師報備有空段會影響申報權利嗎?
目前無工作，不知如何投保？
健保卡註冊密碼忘記了怎麼辦？
代謝症候群防治計畫內容
公司追回員工提撥金額不退還補充保險費說明
健康存摺不能看血糖近3年曲線圖
眷屬重覆加保如何申請退費？(同時以眷屬和被保險人身分投保)
民眾來電要申訴某特約院所
假日時，身體不舒服想看醫師怎麼辦?
公司員工旅遊獎金之補充保險費扣繳
國民年金相關問題
夫妻無職業仍在學就讀，各自依附自己的父母加保，新生兒如何加保？
二代健保用以計算補充保險費之「執行業務收入」是否可以扣除成本？
會員急診指標計算說明
特約機構基本資料異動申請說明
年度內變更負責人的補充保險費計算方式
醫療項目需要事前審查原因
複雜個案回復治療結果說明
二代健保影響物價說明
育嬰留職停薪期間，依附眷屬健保費如何繳納?
不滿醫師之轉診安排
單位漏辦員工或眷屬投保/退保，可否追溯異動？
COVID-19疫情相關問題
診所醫師治療品質說明
「設籍前新住民申請健保費補助案」補助多少健保費 ？
職災門診健保卡輸入方式
外籍人士如何申請健保卡？(含大陸港澳人士)
醫療給付改善方案服務內容?
健保卡遺失，可至什麼地方辦理？
我可以捐發票嗎？
全民健康保險醫療服務給付項目及支付標準
父母離婚，父親死亡，母親不願為其投保之未成年子女，如何投保？
旅居海外保險對象如何避免欠費被列入健保卡查核?
生理測量如何每日輸入資料?
申報轉診支付標準時需註記之欄位
榮民如何投保？應繳多少保費？
我已在透過健保署網站申請健保卡，請問如何可以快速拿到新卡？
投保單位收據遺失了，如何現場申請補發？
第四類或第五類被保險人，眷屬可以依附加保嗎？
推動分級醫療的目的
如何計算每個月應該繳多少健保費？
被保險人同時在二個單位工作時，應在那個單位辦理參加全民健康保險？
依附眷屬扣繳補充保險費規定
不動產做為信託財產並出租扣取補充保險費說明
健保卡無法讀取非本人可辦理嗎？
網路申請健保卡，修改申請資料方式：
第二類、第三類被保險人一般保費計算公式
失蹤尋獲復保規定?
別人可以查詢我的「健康存摺」嗎？
懷孕生產期間(含安胎)健保給付?
牙周病統合治療方案增加申報上限說明
肝癌風險預測怎申請?
投保工會檢附退保證明規定
部分負擔之規劃說明
健保卡註冊需要準備專用讀卡機嗎？
公司辦分期，沒有支票，怎麼辦？
六類保險對象能在非投保的公所列印保費繳款單嗎?
醫療費用付款通知書補發如何申請？
分級醫療重點說明
我要如何捐款？
災區受災之全民健康保險保險對象有何就醫補助?依據及法規為何?
健保卡就醫資料完成上傳作業後查詢
無法如期轉診就醫處理辦法
健保24小時諮詢電話立意說明
負責人去年在職12個月現已離職之投保金額扣除說明
育嬰留職停薪勞健保二合一申請說明
總額支付制度缺點說明
收到眷屬重複投保通知，要如何辦理？
想申辦健保卡，而且想現場領卡，有哪些地方可提供這類服務？
重大傷病證明核定通知書申請方式 ？
醫院以病人為中心門診整合照護計畫說明
健保卡器官捐贈或安寧緩和醫療註記代碼
線上申辦眷屬投保
承接因故退出家庭醫師整合性照護計畫之案件說明
健保卡註冊時，要如何查詢戶號？
家庭醫師整合照顧計畫之違規期間認定說明
榮民就醫有何優惠？
新生兒就醫序號
「台灣行動支付APP」不能用信用卡嗎？
如何使用「全民健保行動快易通│ 健康存摺APP 」產生虛擬健保卡進行看診
母親要辦理育嬰留職停薪，也順便要幫新生兒投保，應如何理？
接受軍事訓練並出具「結訓證明」者之健保投保身分認定的相關規定
牙周病統合性治療方案適用對象說明
健保署為何沒有專業的翻譯人員幫忙翻譯收據?
牙周病統合治療方案申報上限
如何查詢欠費是否移送行政執行中
補充保險費扣費證明的制式格式說明
兒童健康手冊遺失如何申請？
醫療院所醫療服務品質資訊網路查詢方式
員工目前辦理育嬰留職停薪，如何申請提前復職？
投保單位收據遺失了，如何申請補發？
白內障手術相關規定
獨資負責人營利所得計算股利所得之補充保險費扣繳
收到扣薪案件可否再辦分期繳納欠費？
勞保已退休，公司是否仍要幫任職員工投保健保？
轉診就醫後視同轉診之回診最多幾次？
查詢醫療院所開診資訊
「健保醫療資訊雲端查詢系統」之同意書代理人說明
臨櫃申請英文在保證明需攜帶哪些文件?
記帳及報稅代理業務人資格說明
想變更股利、利息補充保險費繳款單郵寄地址，該如何辦理？
員工如何調高投保金額？
民眾可以自行查詢事前審查進度嗎?
健保是否規定補牙每次只能補一顆?
續辦家庭醫師整合性照護計畫說明
外籍配偶在公司上班，可在公司投保嗎？需再等6個月嗎？〈越南、印尼....〉
疫情期間因行動不便，可以改做居家醫療?
新版「補充保險費網路明細申報及列印繳款書系統」登入方式?
全民健保優惠居住山地離島地區民眾之措施
接獲健保卡違規使用、被盜用、有違規紀錄，即將被停卡的電話，該如何處理？
收容人投保資格說明
記帳士事務所負責人執行業務收入，係直接歸併綜所稅時，其給付時點如何認定？
同一公司向同一房東承租多間房屋應如何計算補充保險費？
醫療服務審查制度之醫藥專家服務年資
雇主繳納差額補充保險費之期限
申請換補領小孩子的健保卡，需檢附戶口名簿自103.2.5改版？
尋求專科醫師擔任家庭醫師說明
人工生殖方式之健保給付說明
雇主不可扣除4個月投保金額原因
健保費整年度繳納證明中，列示已繳納的健保費是前年12月至去年11月的健保費，能否用於申報所得稅？
二代健保雇主應繳補充保險費的意義
民眾發生意外事故，所產生的醫療費用，健保署在哪些情況會代位求償？
銀行APP可以掃描繳款單的QR Code進行繳費嗎？
申請重大傷病卡紀錄
衛生局指定之視訊診療機構，還需重新申請嗎？
查詢「健康存摺」需要手續費嗎？
自付差額特材-特殊功能人工心律調節器
負責人將其持有之公司股票交付信託扣取補充保險費說明
自資本公積發給股東之現金扣取補充保險費
公司以禮券取代現金發放獎金扣取補充保險費說明
健保署是否應統一訂定掛號費標準
健保醫療資訊雲端查詢系統對我看病就醫有什麼幫助?
轉換投保身分的影響
針對薪資總額與其受僱者每月投保金額總額之差額，收取保險費之方法為何？年底收取？還是每月收取？
為什麼連結至「全民健康保險健保費繳納專區」，選擇用信用卡繳費並點選確認繳費後，跳出的畫面顯示【404-找不到檔案或目錄】？
由承租人代繳稅額之補充保險費計收方式
何謂二親等內直系血親卑親屬？
二代健保改革之項目
全球資訊網增加「健保卡」網路身分之註冊機制... 健保卡網路服務註冊
請問兄弟姊妹間可以依附當眷屬加保嗎？
身心障礙者就醫之保障
我公司有收到執行分署的通知要辦欠費分期，請問怎麼辦？
欠費可否使用健保就醫
單位拒絕加保，應如何辦理?
短期內多次急診處理說明
有積欠健保費能否持健保卡領取振興券?
醫療院所執行退掛作業方式
民眾進線後不告知其問題，堅持要求轉接承辦人
自墊醫療費用核退有差額問題
健保不給付之醫療服務項目有哪些?
同時具有農漁會資格，在公司上班，健保應投保在那邊？
旅外國人於何種條件下，才不會列入健保卡查核對象？
轉診科別說明
每月保費自動轉帳扣繳時間？
在哪可查詢新型冠狀病毒檢測
子女成年仍在學，能當眷屬？
國外出生的小朋友應如何投保？
要退補充保費要本人嗎
全年累計住院部分負擔超過上限，如何申請核退？上限金額？
重大傷病證明審查異議申復期限
保險對象服刑自102.1.1.二代健保增列收容人為第4類第3目
僑民重新入籍但無境內所得及薪資之收繳保險費說明
被公司資遣而失業，配偶投保在職業工會，是否可以跟著配偶當眷屬加保？或是須到公所加保？
連續兩年未入境，戶籍註記遷出國外登記，已退保。
如何安裝健保卡元件?
健保財務如何控管？
收到執行處的通知後要辦欠費分期，怎麼辦？
欠費移送後還能在健保署繳納嗎？
詢問健保是否有現金補助?
國內各大學院校學生實習計畫目的
失智症門診照護家庭諮詢費用申報說明
低收入戶兼職所得扣取補充保險費說明
如果是經醫師判定而施行之剖腹產是需要如何申請?
單位停業、歇業、復業時應辦事項
非試辦計畫之 RCC 支付方式的天數上限說明
員工已有辦理育嬰留職停薪，己到期如何申請恢復？
導師費計入投保金額計算
非災區之健保特約醫療院所如收治來自災區之災民是否可以免門、急、住診部分負擔費用及住院一般膳食費。
眷屬功能在哪裡?
呼吸器依賴患者自 ICU 下轉一般病房之定額上限
公司已申請停業，如何辦理停業，人員退保？
健保快易通查詢院所連假看診時段
健保費可否列為綜合所得稅列舉扣除額？
員工已有辦理育嬰留職停薪，要再辦理延長育嬰留職停薪如何申請？
健保卡保存方式
應如何申報員工投退保日期？
「醫材比價網」設立原因
眷屬加保需提供身分證影本嗎？
外籍人士健保卡卡面基本資料列印規定為何？
投保公所檢附退保證明規定
受災民眾健保卡毀損或遺失可以就醫嗎？
教師超鐘點費之補充保險費扣繳
接受轉診院所回復欄位說明
健康存摺的內容與實際情況不符？
透過APP申請健保卡，顯示未繳費
公司欠費不足3萬元，可以辦分期嗎？
自付差額特材-腦脊髓液分流系統
轉診單格式說明
眷屬辦理投保
請問健保卡上之照片規格？
急性病房住院部分負擔
「補充保險費網路明細申報及列印繳款書系統」是否提供操作說明?
轉診當日或轉診後回診於同日內看2科之回診次數計算方式
二代健保所增加的雇主負擔說明
母親改嫁依附繼父當眷屬加保，則該母親之子女可否依附繼父加保？
藥物數量不符
「厝邊好醫師」之家庭醫師提供服務說明
政府對於弱勢族群之協助措施
員工支付之違約金不退還補充保險費說明
經由『多憑證網路承保作業』系統申報之異動資料，如何套印申報表？
自付差額特材-特殊功能及材質髓內釘組
顧問需要繳納二代健保嗎?
轉診併科診療說明
報稅季節來了，請問是否可以健保卡申報綜合所得稅？
兼任教師投保及補充保險費說明
全民健康保險鼓勵醫事服務機構即時查詢病患就醫資訊方案之網路申請疑義
夫妻都無工作的情況，如何投保？
員工薪調
健保卡不見了能去哪裡辦？
大陸人士來臺居留可否參加健保？
核退申請書要到哪申請?
公務人員休假補助費之補充保險費扣繳
「健保醫療資訊雲端查詢系統」批次下載同意書期限
持轉診單住院出院後，之後回診是否適用視同轉診規定？
家庭醫師整合性照護計畫之診所代號異動說明
疫情期間行動不便居家醫療照護的病人，可以採用視訊診療方式嗎？
如何查詢各家醫院費用申報資料？
總公司統一彙總分支機構扣費明細說明
被人收養的子女，可否為本生父母辦理加保？
原住民是否有補助保費？
承租公司提供給出租人押金之扣取補充保險費說明
總額支付制度施行目的說明
如何透過網路申請健保卡註冊？
健保署針對因法定事由未足額扣取補充保險費的股利所得所開立的補充保險費繳款單會寄送到哪裡？
工、農會會員負擔之保費如何計算？
女婿可否為岳父母投保？
教育補助費之補充保險費扣繳
榮民眷屬就醫時有什麼可以減免嗎？
扣款信用卡過期
雇主支付「外勞」薪資之補充保險費扣取說明
自付差額特材-冠狀動脈塗藥支架
關於軍公教人員，調薪4%追溯至1月，關於追溯的薪資額度需要提利二代健保嗎?
承保業務網路服務專區如何申請各類表單？
沒看診需要收診察費嗎？
扣費義務人已申報扣費明細之年度申報說明
可以在哪裡查到現行健保費率？
如何成為「家醫2.0醫療群」？
在學的工讀生，應如何參加全民健康保險？
應付未付股利扣取補充保險費時間點
被保險人死亡無須繳納保費
我的健康存摺沒有新型冠狀病毒沒有看到快篩資料?
公司提撥「相對獎勵儲金」之補充保險費扣繳
一般病房適用 FFS但以RCC定額為上限之服務點數計算
健保費逾期150天，是從何時開始算
人工流產之健保給付說明
如何辦理外籍看護工投保？
政府發放員工年終獎金扣取補充保險費說明
股利所得跨年度發放之補充保險費扣取時間點
轉診步驟說明
現階段納入健保給付的癌症免疫新藥有哪些？治療癌別為何？療程有限制嗎？
生育補助費之補充保險費扣繳
醫院是否均可申報所有災民之住院一般膳食費？若是，則不吃醫院伙食之病患，醫院是否仍可申報？
藥價差調整措施說明
公務人員於停職期間領取半俸薪資之補充保險費扣繳
如果健保卡遺失申辦新卡，已註冊功能是否仍有效？
請問戶政事務所可以一併申請健保卡?
有投保卻又收的繳費單
家庭醫師整合性照護計畫收案方式
受雇者之股利所得不計收補充保費說明
失業者應去哪裡投保？
家庭整合性計畫需收費嗎
公司已結束，以前的欠費要辦分期，大小章不見，也沒有支票，如何辦理？
民眾的補充保險費，要把眷屬名下的項目，全部累計後繳交嗎？
依附亡故者參加健保之眷屬應如何辦理健保轉出申請？
有關藥價差之適法性
開設整合照護門診模式收案對象
信託財產之扣費義務人定義
原投保在公所，目前至新單位投保後，是否還需要到原投保公所辦理轉出？
如何查共同投保人資料
西醫醫療資源不足地區改善方案之支付法規依據
如何申請註冊承保業務網路服務專區
每個月的全民健保繳款單於何時寄出？
被轉診到接受轉診的院所後，可以一直留在院所接受治療嗎？
補充保險費扣繳方式
繼承事實發生後領取之股利扣取補充保險費說明
子女已成年，剛退伍無職業未婚，依附父母投保，要如何辦理，需附什麼證明？
全民健康保險法對掛號費是否有明確規定
退保跟加保日錯誤
配偶定義說明
何種情況下，勞健保可以分開做投保？
未足額扣取補充保險費之股利及利息所得通知繳納時間
新生兒出生醫療費用說明
我沒有工作，健保費會要繳多少？
呼吸器依賴患者整合性照護前瞻性支付方式全面納管
遭金融機構收回已發放之利息的補充保險費退還說明
藥師調劑遇到慢性病連續處方箋無卡序，怎麼辦?
一般病房之呼吸器依賴患者申報規定
投保在公所，如何辦理通訊地址變更？
掃描QR Code後繳費有什麼限制嗎？
收到轉帳不成功之繳款單，要如何處理？可否再從帳戶中自動扣款？
藥局之主診斷碼登錄方式
未成年無職業者，可否依附監護人加保？
免扣取補充保險費之身分查詢方式
自營業主定義說明
請問健保快易通的檢驗資料如何變更為中文
到郵局重辦健保卡（遺失） 但超過七天還沒收到 請問「案號」查詢方式？
呼吸器依賴患者事前核備之用意及作業程序
欠費遭執行署強制扣薪水、存款等…問題
自付差額特材-特殊材質人工髖關節
偏鄉地區額外加成
我已經接到行政執行處通知，請問這個欠費我要怎麼處理？
中低收入者即符合紓困資格及該戶籍遷移之補助權益
呼吸器依賴患者入住一般病房之設置標準
原本是以「投保單位及扣費單位使用憑證服務專區」申報，現在申報系統改為「補充保險費網路明細申報及列印繳款書系統」操作方式改變很大嗎?
「補充保險費網路明細申報及列印繳款書系統」登入方式？
全民健康保險與現行的勞保之差異
請問訴訟產生的利息，是否要扣取二代健保?
綜所稅結算申報軟體之補充保險費資料不符實際繳納狀況
重大傷病登錄於健保卡說明
區域級以上醫院門診件數須降低2%說明
集合管理運用帳戶信託所得之補充保險費扣繳
網路申請健保卡註冊，出現地址錯誤訊息
實施部分負擔的理由
健保醫療資訊雲端查詢系統對社會有什麼好處?
健保卡有沒有使用期限?
員工的眷屬入伍，應如何辦理轉出？
保費計收原則（106年12月更新）
保費計算諮詢說明
買進股票回補融券之同日成交給付保證金利息扣取補充保險費說明
如何辦理轉帳扣繳健保費？
怎麼查血型?
員工專案獎金於離職次年度發放之薪資所得計算
西醫醫療資源不足地區改善方案相關規定
宗教團體成立時應附之附件為？
服義務役或替代役之軍人欠費以健保身分就醫說明
二代健保調降一般保險費費率再收取補充保險費的原因
以眷屬身分依附被保險人在A公司加保，於暑假期間到A公司工讀，A公司發給薪資（格式代號50），請問該筆薪資是否為所屬投保單位的薪資所得，不列入補充保險費的計收？
牙醫門診總額醫療資源不足地區改善方案巡迴點說明
如何查詢捐款資料？
身分資料變更換發健保卡限制?
為什麼健保卡已經註冊也設定密碼，為什麼每次登入還要插健保卡？
電子轉診平台已掛號標示說明
經濟部一站式申請成立新投保單位
一般保費投保金額說明
醫療院所不願開立轉診單之處理方式
重大傷病卡如何補件
有一定雇主之受僱者在台未滿半年的補充保險費計算規定
福保資格的人員，公司是否仍要幫其加健保？
投保單位如何辦理憑證申請？
因為工作或讀書而出國，有欠繳保費時，是否為健保卡查核對象？
承租人負擔之補充保險費計算基礎
家庭醫師整合性照護服務內容
轉診制度管理或課責機制說明
請問轉帳繳納健保費有金額上限嗎？何時可以查詢扣款資訊？
現行農保持續加保說明
如何下載保費自動轉帳申請表格(信用卡)？
健保給付通訊診療/遠距醫療的範圍包括那些？
大陸地區住院5日（含）以上之自墊醫療費用，醫療證明文書須先行辦理公證驗證
父母、公婆或其他親屬是由我申報為扶養親屬，可否將他們的健保費繳納證明郵寄或傳真給我？
註冊健保卡時輸入戶號，系統卻顯示戶號有誤的錯誤訊息？
申請更改支票抬頭或取消禁止背書轉讓
何種情形不予支付醫事機構個案已處方之藥費？
健保署是否提供臨櫃刷卡繳費服務？是否需自付刷卡手續費？
試用期員工，單位是否需為其加保？如何加健保？
公司欲申請每月之計費明細表，應如何辦理？
居家照護案件轉門診或住院之轉診費用申報
國外就醫，哪種疾病才可申請退費?
滿床使呼吸器依賴患者得轉至一般病房之認定
具榮民資格，目前於公司就職，可依榮民身分投保公所嗎？
如何查詢新成立之健保投保單位是否申辦完成？
僑民投保資格
信託財產之補充保險費扣繳時機
薪資所得與執行業務所得差異說明
我是榮民，我的健保卡沒有榮民註記?
開設整合照護門診模式承作醫師資格
醫療服務審查制度審畢評量作業之定義
醫療服務審查制度之醫藥專家資格評量原則
重大傷病證明到期，如何辦理換發？
同體系醫療院所(含委託經營)說明
我可以用行動支付繳納他人的健保費嗎？
失業補助如何申請？
代課老師要如何辦理投保，無訂定契約？
員工轉出停保之受僱者投保金額總額計算
健保法及醫療法之財務相關法規異同
診所轉診至地區醫院之部分負擔
安排轉診病患就醫次序
用支票繳補充保險費之規定
國人遷出戶籍至國外設定自動扣繳維持健保資格說明
外籍員工持新證號居留證到職，應以新證號或舊證號加保?
失業勞工請領失業給付之補充保險費扣繳
醫師查詢
如何取得個人繳費行動條碼
員工眷屬目前已加入工農漁會如何辦理退保？
員工滿65歲要繳健保費嗎？
投保單位(非自營業者)欠費紓困申貸問題
參加全民健康保險產生爭議時如何處理？
未帶健保卡或未以減免(優免)部分負擔就醫，如何申請自墊醫療費用核退？
使用「健康存摺」安全嗎?會不會讓我的就醫資料外流？
第六類地區人口戶籍有變動，要遷移至新戶籍地公所投保，如何辦理？
部分工時員(PART TIME工讀生)之認定原則：
新成立之投保單位欲變更行業別?
醫療服務審查制度之規則查詢
換發新式統號後，註冊健保卡可否登入「個人健保資料網路服務作業」查詢健保資料？
我有在健保App裡申請健保保費分期付款已經有繳了第一期但是一直都沒收到您們的收據，我想確認我申請分期付款有沒有成功，我匯過去的錢你們有沒有收到
補卡當日上傳資料方式
轉診就醫說明
符合補助健保費資格的人，如何辦理投保？
健保退保證明要去那裡申請呢!？
退休人員，經徵得投保單位同意是否可已在公司參加健保？
投保單位支付雇主薪資所得之補充保險費扣繳
二代健保避免雇主規避保險費負擔說明
在月底最後一天停保是否要付當月保費？
第六類被保險人為榮民遺眷時，其所依附的眷屬規定如何？
收據正本需要申請其他保險費用，如何辦理?
我忘記健保卡註冊密碼，輸入錯誤超過3次被鎖住了，怎麼辦？
自墊醫療費用核退申請期限
收到退費支票，應如何辦理？
我移居國外數十年，沒有在台灣居住，還會寄健保費到我父親台北住家，請問10幾年的保費，我需要繳納或者被罰款嗎？
民眾是否需要逐級轉診？
藥品收載及納入給付考量因素
工會之負責人變更時，需檢附那些文件？
扣費義務人對單筆達到2萬元，但為免扣取補充保險費者，需填報扣費明細給健保署嗎？
自付差額特材-特殊材質生物組織心臟瓣膜
什麼是多憑證網路承保作業系統的指派(授權)作業？
請問投保單位工商憑證到期展期，後續需做什動作呢?
戶政事務所辦理新生兒出生登記時可以辦理依附投保及申請健保卡?
特約醫療院所的醫療費用申報如何辦理？
保費計算若有小數點，是用去尾法還是4捨5入法?
如何查詢X光輻射量?
補充保險費繳款書超過繳費期限繳費說明
口腔黏膜檢查服務對象及服務項目
公司合併消滅個人股東獲配之股利扣取補充保險費說明
補充保險費應該如何扣繳？
醫療院所如何辦理現場申請扣繳憑單和分列項目參考表?
身分證及健保卡一併遺失可以在戶政事務所申請嗎?
健保費費率
開設整合照護門診模式收案條件
精神病住院過卡說明
藥物給付項目及支付標準公開透明說明
醫師處方癌症免疫新藥前，應注意哪些事項？(108/04/02更新)
出租人租金收入之補充保險費計算基礎
重大傷病第一類癌症換發需檢附送審資料
出院後14天才能再入院之規定？
欠費無力繳納健保費者，有那些協助措施？
個別企業之整體保費負擔增加原因
除籍者還要繳健保費嗎？
投資型保險契約之補充保險費扣繳
醫療服務審查制度之醫藥專家來源
健保卡換發期間，我應如何就醫?
眷口數和減免資格，保費計收原則？
未填寫資料之新生兒就醫處理方式
健保卡就醫資料上傳作業異常狀況處理
健保卡膠膜脫落申請換發新卡，是否收取200元工本費?
中斷投保期間的繳款單會寄到哪裡？
受災民眾保險費補助方式？
收到剛核發之低收入戶文件辦理部分負擔核退方式
健保署的APP可以查詢醫療診所開診情形嗎？
補充保險費明細書面申報注意事項
診所沒有與健保署電子轉診平台連線，遇到需要轉診的病人怎麼辦？
各類被保險人之投保身分及投保單位說明
無法取得繳費證明之處理方式
僅雇主加保或依法得不成立投保單位者，如何計算投保單位補充保險費？
醫師如何協助民眾轉診？
總額支付制度實施進度說明
請問113年度基本工資調整為27,470元，我們有員工現在投保金額26,400元低於27,470元，要不要主動申報調整投保金額？
藥價調查依據說明
總額支付制度對醫療院所營運的影響
診所可應民眾要求開立轉診單嗎？
全民健康保險之法律依據
哪些人可以免除部分負擔？
負責人單位及員工負擔之保費如何計算？
請問物理治療所有健保嗎?
預防健保檢查結果異常轉診說明
醫師應事先告知病人自費項目
非本人親自辦理分期時，委託書如何取得、填寫
一般公司單位，薪資所得包含那些，如何認定？
檢驗/查資料為文字敘述，無影像資料?
健康存摺系統出現錯誤訊息、故障、異常？
無謀生能力者資格說明
我是開雜貨店(自營業者)但生意不好，我健保有欠費可否申貸紓困貸款？
工本費收據如何列印？
安寧療護收案條件
排除同體系醫療院所間之轉診案件說明
牙周病統合治療方案收案說明
門診基本部分負擔
住院一般膳食費一天為多少元？申報代碼為何？如何申報？申報規定為何？
牙醫門診抽審資料繳交期限
拿轉診單一定掛得到號嗎？
排程檢查填寫規定
精神方面疾病可以申請重大傷病證明嗎？
如何查詢外籍人士是否有領過健保卡?
現在到醫學中心轉診就醫，請問部份負擔要收多少?
我收到各地區行政執行分署的健保欠費傳繳通知，該如何處理？
未滿18歲但也還沒有領到身分證時， 可否自行臨櫃申辦健保卡？
獎金如何定義?
二代健保實施後多眷口家庭的保費負擔狀況
追溯調整投保金額重新計算補充保險費說明
郵局收件者是申請者還是製卡者對象
健保卡註冊方式有哪些？
假日輪班津貼之補充保險費扣繳
如何查詢健保費補助相關資訊?
平轉之轉診費用申報
健保卡網路服務註冊－環境說明(IE)
因遺失毀損變更資枓重申請，未領到健保卡前需就醫，如何處理？
第六類人加保於區公所之保費金額
個人紓困申貸問題
每個月我都有繳健保費，沒有欠你們錢，為什麼我還收到你們的繳款單？
健保醫療資訊雲端查詢系統不違反個資法
單位員工健保費彙總表如何網路申請
欲更換健保卡上之照片，如何申請？
「外國專業人才延攬及僱用法」自110年10月25日修正施行，該法所定之外國專業人才，其本人及眷屬健保的投保資格為何？
請問我對某特定藥物嚴重過敏，我可以自己登錄過敏的藥嗎?
請問個人欠費要如何申辦分期?
我的藥品遺失(損毀)，再次就醫重複領取相同藥品，請問如何處理？
健保醫療資訊雲端查詢系統批次下載功能之使用目的
負責人也有薪水，計算股利所得補充保險費時要不要再減掉負責人的薪資？
補充保險費之費基說明
以前有設定轉帳，但帳戶停用已久，應如何恢復轉帳？
COVID-19疫苗相關問題
單位如何申請繳費證明？
生產之健保給付說明
自付差額之特殊材料使用告知作業說明
聽說65歲以後就不用加健保了？
是否可以請本署修改已繳納補充保險費繳款單之內容？已繳納之補充保險費繳款單資料更改
請問如何新增健康存摺上面的英文名字？
轉診單上的轉診醫院為A醫院，病患可改到B醫院就醫嗎？
租金是信託是否要扣補充保費
慢性腎臟病防治相關計畫內容
兼職人員的投保資格
非本國籍人士取得國人身分證後，如何申請新健保卡？
小孩早產住保溫箱有補助嗎？
請問保費在使用網銀匯入專戶後要多久
投保單位如何為所屬在保員工及眷屬申請健保卡整批註冊?
何謂直系血親尊親屬？
健保卡註記無法代替轉診單說明
承保業務網路服務專區如何變更單位設定的電子信箱？
不想讓醫師直接讀取健保卡資料，健保卡可以鎖定嗎？如何辦理？
醫事人員溝通平台之審查討論區操作問題的處理方式
未在保，人還未回國，家屬可以代辦嗎？
申請使用癌症免疫新藥及登錄資料應注意事項？(108/04/02更新)
醫療院所財務報表公開規定
病患可以自己決定想要轉診的醫療院所嗎？
醫療機構申請新成立新投保單位時，應檢附哪些相關表件？
我可以用「無名氏」或「善心人士」等名義捐款嗎？
糖尿病看Ａ醫院Ａ醫師」、「心臟病看Ｂ醫院Ｂ醫師」…我領的藥有重複的嗎? 藥會不會有交互作用產生不良反應呢?
不孕症之健保給付說明
加強推動臨終照護服務 健保署加碼調高安寧療護支付點數
疫情期間如何使用視訊診療就診？除了視訊診療外，還能以什麼方式進行？
新版「補充保險費網路明細申報及列印繳款書系統」何時可以查詢申報金額及繳納金額?
雇主定義說明
打工的所得是否會被扣補充保費？
健保卡查核暫行停止保險給付期間，如有自費就醫情事，嗣後應如何處理？
低收入戶如何認定？低收入戶成員有工作時可否以第五類被保險人身分投保？
醫事人員溝通平台之審查討論區最新版本下載
外籍人士網路加保方式
義肢給付申請
如何查詢健保卡卡號
健保有哪些投保單位
受災民眾想得到健保費補助，如何申請？
使用健保卡就診時，顯示「卡片已過有效期限」，怎麼辦?
因疫情影響無法回國，健保應如何處理?
為何收到關懷函?日後應如何就醫or 寄發目的?
市議員辦事處成立時應附之附件為？
特約醫事機構代碼網路查詢
糞便潛血檢查服務對象及服務項目
單獨執業或聯合執業型態之(專技)事務所，收到執行業務收入後，應如何扣取補充保費？
住院費用說明
我過去健保欠費期間不能用健保去看病都用自費看病，而欠費你們又要催繳，這樣子合理嗎？
急性腦血管疾病如何辦理重大傷病證明
轉診目的非住院，經門診診療後轉住院，出院後之門診回診幾次視同轉診?
重複加保
中斷投保期間為公司拒絕幫員工投保，如何申訴公司？
員工眷屬人數太多，是否會增加雇主保費負擔？
門診藥品部分負擔收取原則
1年期之定期存款，利息約定按月支領，其按月支領之利息是否於到期日累計計收保費？
補充保險費扣費明細不能以年度歸戶進行申報
健保署如何協助醫療院所將轉診病患的資訊有效率的傳送轉出、轉入院所？
牙醫醫療資源不足地區改善方案相關規定
一般保費負擔比率
持轉診單超過回診次數之部分負擔
因滿床呼吸器依賴患者自 ICU 下轉一般病房之定額上限
一般公司行號員工辦理育嬰留職停薪，單位負擔部份，由單位負擔，還是政府補助？
健保卡發證日期是多少
外幣票券到期利息所得扣取補充保險費說明
偏鄉地區導入醫療資源
境外保險對象使用通訊診療健保有給付嗎？
請問照片可以提供電子檔?
補充保險費沖抵說明
戒菸門診住院過卡說明
股票漲跌之補充保險費扣繳
登入、使用等系統操作問題？
自墊核退可核退金額多少?
公益信託之補充保險費扣繳
我在公司投保，健保費怎麼繳？
線上辦理育嬰留停跟紙本表格欄位怎麼不一樣？
專技身份新單位成立時應檢附何附件？
透過讀卡機或公共資訊站可查詢健保卡那些內容？
同一療程之部分負擔說明
醫療院所申訴資訊?
申報轉診支付標準時需註記之申報規定
投保單位使用多憑證網路承保作業，單位憑證或自然人憑證忘記密碼/已鎖卡，應如何解卡？
預防保健達成指標中較需照顧族群之定義
若到郵局辦理健保卡，要多久才能拿到卡片？
第1類至第6類保險對象中，誰適用扣取年度累計超過投保金額4倍獎金的補充保險費？應如何計算？
婦女子宮頸抹片檢查服務對象及服務項目
藥價調查目標說明
月中離職，公司會扣健保費？
健保卡晶片密碼忘了怎麼辦？
醫事人員溝通平台之審查討論區提供服務項目
支票遺失怎麼處理？
民眾就醫時，如果發現健保署特約醫療院所涉及違反全民健康保險相關規定或有其他疑義時，如何處理？
重複投保應檢具那些證明文件辦理保險費核退？
收容人納保說明
續保和加保的差別是什麼
薪資調整生效日
可等值兌換現金禮券之補充保險費扣繳
處方箋應包含內容說明
哪些所得要繳補充保險費？
我過去沒有健保，我可不可以從現在開始加保，從現在開始繳錢，過去的我沒有加保，我不要繳錢？
專任有給人員定義說明
如果因不在保或欠費，無法以健保身分住院或更新健保卡，應如何處理？
佣金之補充保險費扣繳
如果有工廠發生有毒氣體外洩事件，民眾因而就醫，健保署可否求償？
請問一人公司的勞健保費用可否辦理直接由公司帳戶扣繳呢？
持轉診單如何得到醫院之就醫安排？
投保單位變更事項申請表可傳真嗎
申請看病收據
中醫醫療資源不足地區改善方案相關規定
欠費可否申請健保卡
申辦健保卡要帶什麼文件？
停保審查要多久
新增醫療群合作醫事機構立意說明
為什麼辦理轉出之後，還收到當月的繳款單？
公司發放董監事酬勞之補充保險費扣繳
欲自行上網網路註冊，電腦環境如何檢測？
處方箋說明
公司要負擔員工眷屬健保費？
部分負擔說明
退費支票過期
公司所謂五人以下，是否包括雇主？
負責人目前有受雇於其他公司，如何處理退保?
第六類第二目的規定為何？
申請投保於工農漁會之欠費繳款單，已退會無法(不能)回單位繳納？
公司未繳健保費查詢?
災區保險對象經特約醫院診治認定可出院，惟家已毀損無法回家，醫院應如何安置這些病人？
醫師獎勵金之補充保險費扣繳
健保費轉帳扣繳說明
民眾已投保未領到健保卡期間，或因遺失、毀損、變更資料重申請未領到健保卡前，該如何就醫？
「外國專業人才延攬及僱用法」所定之受聘僱外國專業人才、具雇主或自營業主身分之外國特定專業人才及高級專業人才及其隨行來臺的眷屬，應如何申報加保？
義肢可以重複申請嗎？
醫事機構不實登錄資料為個案取得使用藥物資格之處理原則？
受災民眾欠繳健保費或未加保，可以就醫嗎？